============================= test session starts ==============================
platform darwin -- Python 3.14.5, pytest-9.0.2, pluggy-1.6.0
rootdir: <C_WORKTREE>/tests
configfile: pytest.ini
plugins: asyncio-1.3.0, anyio-4.13.0, xdist-3.8.0
asyncio: mode=Mode.AUTO, debug=False, asyncio_default_fixture_loop_scope=None, asyncio_default_test_loop_scope=function
collected 3 items

tests/unit/legal_ontology/test_domain_sources_v1.py FFF                  [100%]

=================================== FAILURES ===================================
________________ test_validator_accepts_domain_source_resource _________________
tests/unit/legal_ontology/test_domain_sources_v1.py:36: in test_validator_accepts_domain_source_resource
    assert result.returncode == 0
E   assert 2 == 0
E    +  where 2 = CompletedProcess(args=['<PYTHON>', '<C_WORKTREE>/scripts/legal_ontology/validate_domain_sources_v1.py': [Errno 2] No such file or directory\n").returncode
_______________ test_validator_rejects_unknown_route_source_ref ________________
tests/unit/legal_ontology/test_domain_sources_v1.py:56: in test_validator_rejects_unknown_route_source_ref
    assert "missing-domain-source" in result.stderr
E   assert 'missing-domain-source' in "<PYTHON_APP>...team-8953292e/worktrees/C/scripts/legal_ontology/validate_domain_sources_v1.py': [Errno 2] No such file or directory\n"
E    +  where "<PYTHON_APP>...team-8953292e/worktrees/C/scripts/legal_ontology/validate_domain_sources_v1.py': [Errno 2] No such file or directory\n" = CompletedProcess(args=['<PYTHON>', '<C_WORKTREE>/scripts/legal_ontology/validate_domain_sources_v1.py': [Errno 2] No such file or directory\n").stderr
________________ test_validator_rejects_missing_source_metadata ________________
tests/unit/legal_ontology/test_domain_sources_v1.py:62: in test_validator_rejects_missing_source_metadata
    sources = json.loads(DOMAIN_SOURCES_PATH.read_text(encoding="utf-8"))
                         ^^^^^^^^^^^^^^^^^^^^^^^^^^^^^^^^^^^^^^^^^^^^^^^
<PYTHON_STDLIB>/pathlib/__init__.py:787: in read_text
    with self.open(mode='r', encoding=encoding, errors=errors, newline=newline) as f:
         ^^^^^^^^^^^^^^^^^^^^^^^^^^^^^^^^^^^^^^^^^^^^^^^^^^^^^^^^^^^^^^^^^^^^^^
<PYTHON_STDLIB>/pathlib/__init__.py:771: in open
    return io.open(self, mode, buffering, encoding, errors, newline)
           ^^^^^^^^^^^^^^^^^^^^^^^^^^^^^^^^^^^^^^^^^^^^^^^^^^^^^^^^^
E   FileNotFoundError: [Errno 2] No such file or directory: '<C_WORKTREE>/resources/legal_rules/debt_collection_domain_sources_v1.json'
=========================== short test summary info ============================
FAILED tests/unit/legal_ontology/test_domain_sources_v1.py::test_validator_accepts_domain_source_resource
FAILED tests/unit/legal_ontology/test_domain_sources_v1.py::test_validator_rejects_unknown_route_source_ref
FAILED tests/unit/legal_ontology/test_domain_sources_v1.py::test_validator_rejects_missing_source_metadata
============================== 3 failed in 0.09s ===============================

EXIT_CODE=1
