============================= test session starts ==============================
platform darwin -- Python 3.14.5, pytest-9.0.2, pluggy-1.6.0
rootdir: $WORKTREE_A/tests
configfile: pytest.ini
plugins: asyncio-1.3.0, anyio-4.13.0, xdist-3.8.0
asyncio: mode=Mode.AUTO, debug=False, asyncio_default_fixture_loop_scope=None, asyncio_default_test_loop_scope=function
collected 11 items

tests/unit/legal_ontology/test_finance_claim_model_v1.py ....FF          [ 54%]
tests/unit/legal_ontology/test_domain_decision_engine_v1.py ....F        [100%]

=================================== FAILURES ===================================
_ test_unsupported_allocation_component_returns_finance_review_without_balance _
tests/unit/legal_ontology/test_finance_claim_model_v1.py:129: in test_unsupported_allocation_component_returns_finance_review_without_balance
    assert payload["balance_review_status"] == "needs_finance_review"
E   AssertionError: assert 'calculated_fixture_only' == 'needs_finance_review'
E
E     - needs_finance_review
E     + calculated_fixture_only
____ test_disputed_amount_placeholder_source_ref_is_preserved_and_reviewed _____
tests/unit/legal_ontology/test_finance_claim_model_v1.py:160: in test_disputed_amount_placeholder_source_ref_is_preserved_and_reviewed
    assert "missing_source_ref" in by_code
E   AssertionError: assert 'missing_source_ref' in {'disputed_amount': {'code': 'disputed_amount', 'message': 'disputed amount requires finance review', 'source_refs': ['placeholder:finance#dispute']}}
_______________ test_engine_rejects_stale_finance_model_version ________________
tests/unit/legal_ontology/test_domain_decision_engine_v1.py:184: in test_engine_rejects_stale_finance_model_version
    with pytest.raises(DomainDecisionError) as error:
         ^^^^^^^^^^^^^^^^^^^^^^^^^^^^^^^^^^
E   Failed: DID NOT RAISE <class 'trustgraph_legal.domain_decisions.DomainDecisionError'>
=========================== short test summary info ============================
FAILED tests/unit/legal_ontology/test_finance_claim_model_v1.py::test_unsupported_allocation_component_returns_finance_review_without_balance
FAILED tests/unit/legal_ontology/test_finance_claim_model_v1.py::test_disputed_amount_placeholder_source_ref_is_preserved_and_reviewed
FAILED tests/unit/legal_ontology/test_domain_decision_engine_v1.py::test_engine_rejects_stale_finance_model_version
========================= 3 failed, 8 passed in 0.33s ==========================
