============================= test session starts ==============================
platform darwin -- Python 3.14.5, pytest-9.0.2, pluggy-1.6.0
rootdir: <repo-root>/tests
configfile: pytest.ini
plugins: asyncio-1.3.0, anyio-4.13.0, xdist-3.8.0
asyncio: mode=Mode.AUTO, debug=False, asyncio_default_fixture_loop_scope=None, asyncio_default_test_loop_scope=function
collected 51 items

tests/unit/legal_ontology/test_document_assembly.py .......              [ 13%]
tests/unit/legal_ontology/test_debtor_context.py ...                     [ 19%]
tests/integration/legal_ontology/test_debtor_context_pipeline.py .....   [ 29%]
tests/unit/legal_ontology/test_mcp_debtor_context_tools.py .....         [ 39%]
tests/unit/legal_ontology/test_mcp_domain_tools.py ......                [ 50%]
tests/integration/legal_ontology/test_mcp_tools.py ...                   [ 56%]
tests/unit/legal_ontology/test_route_candidates.py ............          [ 80%]
tests/unit/legal_ontology/test_debtor_snapshots.py .......               [ 94%]
tests/unit/legal_ontology/test_debtor_governance.py ...                  [100%]

============================== 51 passed in 2.97s ==============================
