============================= test session starts ==============================
platform darwin -- Python 3.14.5, pytest-9.0.2, pluggy-1.6.0
rootdir: /Users/cosmos/dev/ontology/trustgraph/.omo/teams/debtor-context-graph-v0-20260706/worktrees/K/tests
configfile: pytest.ini
plugins: asyncio-1.3.0, anyio-4.13.0, xdist-3.8.0
asyncio: mode=Mode.AUTO, debug=False, asyncio_default_fixture_loop_scope=None, asyncio_default_test_loop_scope=function
collected 23 items

tests/unit/legal_ontology/test_route_candidates.py ............          [ 52%]
tests/unit/legal_ontology/test_stop_gates.py ........                    [ 86%]
tests/unit/legal_ontology/test_debtor_context.py ...                     [100%]

============================== 23 passed in 0.16s ==============================
